2018/06/30 13:16:19 [TRACE] Log Mode: File (Trace)
2018/06/30 13:16:19 [ INFO] Gogs 0.11.53.0603
2018/06/30 13:16:19 [ INFO] Cache Service Enabled
2018/06/30 13:16:19 [ INFO] Session Service Enabled
2018/06/30 13:16:19 [ INFO] Git Version: 2.7.4
2018/06/30 13:16:19 [ INFO] SQLite3 Supported
2018/06/30 13:16:19 [ INFO] Run Mode: Production
2018/06/30 13:16:19 [ INFO] First-time run install finished!
2018/06/30 13:16:19 [TRACE] Doing: CheckRepoStats
2018/06/30 13:16:19 [TRACE] Session ID: 740d2c7d9a89d192
2018/06/30 13:16:19 [TRACE] CSRF Token: IWPbLdLtUk2-WsEolLW7i48NBaY6MTUzMDM0NDc3OTQ1NTkyMjQ1NA==
2018/06/30 13:16:19 [TRACE] Template: user/auth/login
2018/06/30 13:16:34 [TRACE] Session ID: 740d2c7d9a89d192
2018/06/30 13:16:34 [TRACE] CSRF Token: IWPbLdLtUk2-WsEolLW7i48NBaY6MTUzMDM0NDc3OTQ1NTkyMjQ1NA==
2018/06/30 13:16:34 [TRACE] Template: user/auth/login
2018/06/30 13:16:43 [TRACE] Session ID: 740d2c7d9a89d192
2018/06/30 13:16:43 [TRACE] CSRF Token: IWPbLdLtUk2-WsEolLW7i48NBaY6MTUzMDM0NDc3OTQ1NTkyMjQ1NA==
2018/06/30 13:16:44 [TRACE] Session ID: 740d2c7d9a89d192
2018/06/30 13:16:44 [TRACE] CSRF Token: ahd555yTl7ELCVaFEd-jTEZFPJs6MTUzMDM0NDgwNDAxMDYwMzg1OQ==
2018/06/30 13:16:44 [TRACE] Template: user/dashboard/dashboard
2018/06/30 13:16:50 [TRACE] Session ID: 740d2c7d9a89d192
2018/06/30 13:16:50 [TRACE] CSRF Token: ahd555yTl7ELCVaFEd-jTEZFPJs6MTUzMDM0NDgwNDAxMDYwMzg1OQ==
2018/06/30 13:16:50 [TRACE] Template: repo/create
2018/06/30 13:17:21 [TRACE] Session ID: 740d2c7d9a89d192
2018/06/30 13:17:21 [TRACE] CSRF Token: ahd555yTl7ELCVaFEd-jTEZFPJs6MTUzMDM0NDgwNDAxMDYwMzg1OQ==
2018/06/30 13:17:22 [TRACE] Repository created [1]: Baskar/demorepo
2018/06/30 13:17:22 [TRACE] Session ID: 740d2c7d9a89d192
2018/06/30 13:17:22 [TRACE] CSRF Token: ahd555yTl7ELCVaFEd-jTEZFPJs6MTUzMDM0NDgwNDAxMDYwMzg1OQ==
2018/06/30 13:17:22 [TRACE] Template: repo/bare
2018/06/30 13:26:19 [TRACE] Doing: MirrorUpdate
2018/06/30 13:36:19 [TRACE] Doing: MirrorUpdate
